This is pdfTeX, Version 3.141592653-2.6-1.40.22 (TeX Live 2022/dev/Debian) (preloaded format=pdflatex 2024.3.25)  24 APR 2024 23:00
entering extended mode
 restricted \write18 enabled.
 %&-line parsing enabled.
**psvm-documentation.tex
(./psvm-documentation.tex
LaTeX2e <2021-11-15> patch level 1
L3 programming layer <2022-01-21>
(/usr/share/texlive/texmf-dist/tex/latex/base/report.cls
Document Class: report 2021/10/04 v1.4n Standard LaTeX document class
(/usr/share/texlive/texmf-dist/tex/latex/base/size12.clo
File: size12.clo 2021/10/04 v1.4n Standard LaTeX file (size option)
)
\c@part=\count185
\c@chapter=\count186
\c@section=\count187
\c@subsection=\count188
\c@subsubsection=\count189
\c@paragraph=\count190
\c@subparagraph=\count191
\c@figure=\count192
\c@table=\count193
\abovecaptionskip=\skip47
\belowcaptionskip=\skip48
\bibindent=\dimen138
)
(/usr/share/texlive/texmf-dist/tex/latex/base/inputenc.sty
Package: inputenc 2021/02/14 v1.3d Input encoding file
\inpenc@prehook=\toks16
\inpenc@posthook=\toks17
)
(/usr/share/texlive/texmf-dist/tex/latex/setspace/setspace.sty
Package: setspace 2011/12/19 v6.7a set line spacing
)
(/usr/share/texlive/texmf-dist/tex/latex/parskip/parskip.sty
Package: parskip 2021-03-14 v2.0h non-zero parskip adjustments

(/usr/share/texlive/texmf-dist/tex/latex/kvoptions/kvoptions.sty
Package: kvoptions 2020-10-07 v3.14 Key value format for package options (HO)

(/usr/share/texlive/texmf-dist/tex/latex/graphics/keyval.sty
Package: keyval 2014/10/28 v1.15 key=value parser (DPC)
\KV@toks@=\toks18
)
(/usr/share/texlive/texmf-dist/tex/generic/ltxcmds/ltxcmds.sty
Package: ltxcmds 2020-05-10 v1.25 LaTeX kernel commands for general use (HO)
)
(/usr/share/texlive/texmf-dist/tex/generic/kvsetkeys/kvsetkeys.sty
Package: kvsetkeys 2019/12/15 v1.18 Key value parser (HO)
))
(/usr/share/texlive/texmf-dist/tex/latex/etoolbox/etoolbox.sty
Package: etoolbox 2020/10/05 v2.5k e-TeX tools for LaTeX (JAW)
\etb@tempcnta=\count194
))
(/usr/share/texlive/texmf-dist/tex/latex/geometry/geometry.sty
Package: geometry 2020/01/02 v5.9 Page Geometry

(/usr/share/texlive/texmf-dist/tex/generic/iftex/ifvtex.sty
Package: ifvtex 2019/10/25 v1.7 ifvtex legacy package. Use iftex instead.

(/usr/share/texlive/texmf-dist/tex/generic/iftex/iftex.sty
Package: iftex 2020/03/06 v1.0d TeX engine tests
))
\Gm@cnth=\count195
\Gm@cntv=\count196
\c@Gm@tempcnt=\count197
\Gm@bindingoffset=\dimen139
\Gm@wd@mp=\dimen140
\Gm@odd@mp=\dimen141
\Gm@even@mp=\dimen142
\Gm@layoutwidth=\dimen143
\Gm@layoutheight=\dimen144
\Gm@layouthoffset=\dimen145
\Gm@layoutvoffset=\dimen146
\Gm@dimlist=\toks19
)
(/usr/share/texlive/texmf-dist/tex/latex/fancyhdr/fancyhdr.sty
Package: fancyhdr 2021/01/28 v4.0.1 Extensive control of page headers and foote
rs
\f@nch@headwidth=\skip49
\f@nch@O@elh=\skip50
\f@nch@O@erh=\skip51
\f@nch@O@olh=\skip52
\f@nch@O@orh=\skip53
\f@nch@O@elf=\skip54
\f@nch@O@erf=\skip55
\f@nch@O@olf=\skip56
\f@nch@O@orf=\skip57
)
(/usr/share/texlive/texmf-dist/tex/latex/base/fontenc.sty
Package: fontenc 2021/04/29 v2.0v Standard LaTeX package
)
(/usr/share/texlive/texmf-dist/tex/latex/graphics/graphicx.sty
Package: graphicx 2021/09/16 v1.2d Enhanced LaTeX Graphics (DPC,SPQR)

(/usr/share/texlive/texmf-dist/tex/latex/graphics/graphics.sty
Package: graphics 2021/03/04 v1.4d Standard LaTeX Graphics (DPC,SPQR)

(/usr/share/texlive/texmf-dist/tex/latex/graphics/trig.sty
Package: trig 2021/08/11 v1.11 sin cos tan (DPC)
)
(/usr/share/texlive/texmf-dist/tex/latex/graphics-cfg/graphics.cfg
File: graphics.cfg 2016/06/04 v1.11 sample graphics configuration
)
Package graphics Info: Driver file: pdftex.def on input line 107.

(/usr/share/texlive/texmf-dist/tex/latex/graphics-def/pdftex.def
File: pdftex.def 2020/10/05 v1.2a Graphics/color driver for pdftex
))
\Gin@req@height=\dimen147
\Gin@req@width=\dimen148
)
(/usr/share/texlive/texmf-dist/tex/latex/l3backend/l3backend-pdftex.def
File: l3backend-pdftex.def 2022-01-12 L3 backend support: PDF output (pdfTeX)
\l__color_backend_stack_int=\count198
\l__pdf_internal_box=\box50
)
(./psvm-documentation.aux)
\openout1 = `psvm-documentation.aux'.

LaTeX Font Info:    Checking defaults for OML/cmm/m/it on input line 14.
LaTeX Font Info:    ... okay on input line 14.
LaTeX Font Info:    Checking defaults for OMS/cmsy/m/n on input line 14.
LaTeX Font Info:    ... okay on input line 14.
LaTeX Font Info:    Checking defaults for OT1/cmr/m/n on input line 14.
LaTeX Font Info:    ... okay on input line 14.
LaTeX Font Info:    Checking defaults for T1/cmr/m/n on input line 14.
LaTeX Font Info:    ... okay on input line 14.
LaTeX Font Info:    Checking defaults for TS1/cmr/m/n on input line 14.
LaTeX Font Info:    ... okay on input line 14.
LaTeX Font Info:    Checking defaults for OMX/cmex/m/n on input line 14.
LaTeX Font Info:    ... okay on input line 14.
LaTeX Font Info:    Checking defaults for U/cmr/m/n on input line 14.
LaTeX Font Info:    ... okay on input line 14.

*geometry* driver: auto-detecting
*geometry* detected driver: pdftex
*geometry* verbose mode - [ preamble ] result:
* driver: pdftex
* paper: a4paper
* layout: <same size as paper>
* layoutoffset:(h,v)=(0.0pt,0.0pt)
* modes: 
* h-part:(L,W,R)=(108.405pt, 416.83289pt, 72.26999pt)
* v-part:(T,H,B)=(72.26999pt, 700.50687pt, 72.26999pt)
* \paperwidth=597.50787pt
* \paperheight=845.04684pt
* \textwidth=416.83289pt
* \textheight=700.50687pt
* \oddsidemargin=36.13501pt
* \evensidemargin=36.13501pt
* \topmargin=-37.0pt
* \headheight=12.0pt
* \headsep=25.0pt
* \topskip=12.0pt
* \footskip=30.0pt
* \marginparwidth=35.0pt
* \marginparsep=10.0pt
* \columnsep=10.0pt
* \skip\footins=10.8pt plus 4.0pt minus 2.0pt
* \hoffset=0.0pt
* \voffset=0.0pt
* \mag=1000
* \@twocolumnfalse
* \@twosidefalse
* \@mparswitchfalse
* \@reversemarginfalse
* (1in=72.27pt=25.4mm, 1cm=28.453pt)

(/usr/share/texlive/texmf-dist/tex/context/base/mkii/supp-pdf.mkii
[Loading MPS to PDF converter (version 2006.09.02).]
\scratchcounter=\count199
\scratchdimen=\dimen149
\scratchbox=\box51
\nofMPsegments=\count266
\nofMParguments=\count267
\everyMPshowfont=\toks20
\MPscratchCnt=\count268
\MPscratchDim=\dimen150
\MPnumerator=\count269
\makeMPintoPDFobject=\count270
\everyMPtoPDFconversion=\toks21
) (/usr/share/texlive/texmf-dist/tex/latex/epstopdf-pkg/epstopdf-base.sty
Package: epstopdf-base 2020-01-24 v2.11 Base part for package epstopdf
Package epstopdf-base Info: Redefining graphics rule for `.eps' on input line 4
85.

(/usr/share/texlive/texmf-dist/tex/latex/latexconfig/epstopdf-sys.cfg
File: epstopdf-sys.cfg 2010/07/13 v1.3 Configuration of (r)epstopdf for TeX Liv
e
))
</home/bram/Documents/14824.png, id=1, 140.525pt x 140.525pt>
File: /home/bram/Documents/14824.png Graphic file (type png)
<use /home/bram/Documents/14824.png>
Package pdftex.def Info: /home/bram/Documents/14824.png  used on input line 17.

(pdftex.def)             Requested size: 83.3653pt x 83.36574pt.

[1

{/var/lib/texmf/fonts/map/pdftex/updmap/pdftex.map} </home/bram/Documents/14824
.png>]
LaTeX Font Info:    External font `cmex10' loaded for size
(Font)              <12> on input line 56.
LaTeX Font Info:    External font `cmex10' loaded for size
(Font)              <8> on input line 56.
LaTeX Font Info:    External font `cmex10' loaded for size
(Font)              <6> on input line 56.
 [1] [2] [3

] [4

] (./psvm-documentation.toc [5


])
\tf@toc=\write3
\openout3 = `psvm-documentation.toc'.

 [6]
(./psvm-documentation.lof)
\tf@lof=\write4
\openout4 = `psvm-documentation.lof'.

 [7


]
Chapter 1.
[1


] [2] [3]
Chapter 2.
[4

] [5]
Chapter 3.

LaTeX Warning: Citation `schwaber2002' on page 6 undefined on input line 302.

[6

]

LaTeX Warning: File `/home/bram/Documents/psvm-v1/Scrum_Agile_events.png' not f
ound on input line 324.


! Package pdftex.def Error: File `/home/bram/Documents/psvm-v1/Scrum_Agile_even
ts.png' not found: using draft setting.

See the pdftex.def package documentation for explanation.
Type  H <return>  for immediate help.
 ...                                              
                                                  
l.324 ...Documents/psvm-v1/Scrum_Agile_events.png}
                                                  
Try typing  <return>  to proceed.
If that doesn't work, type  X <return>  to quit.

LaTeX Font Info:    Trying to load font information for T1+cmtt on input line 3
24.
(/usr/share/texlive/texmf-dist/tex/latex/base/t1cmtt.fd
File: t1cmtt.fd 2019/12/16 v2.5j Standard LaTeX font definitions
) [7] [8] [9] [10]
Chapter 4.

Overfull \hbox (36.18951pt too wide) in paragraph at lines 442--443
[]\T1/cmr/bx/n/12 Presentation:\T1/cmr/m/n/12 Reactjs, Ax-ios, boot-strap ,apac
he tom-cat, google maps API,browser,
 []

[11

] [12] [13]
Overfull \hbox (35.38286pt too wide) in paragraph at lines 527--528
[]\T1/cmr/bx/n/12 Magic Be-hind Auto-Configuration\T1/cmr/m/n/12 : Al-though Sp
ring Boot's auto-configuration
 []


Overfull \hbox (1.14401pt too wide) in paragraph at lines 542--543
[]\T1/cmr/bx/n/12 Large Ecosys-tem and Com-mu-nity Sup-port\T1/cmr/m/n/12 : Re-
act.js has a large ecosys-
 []

[14]
Chapter 5.

LaTeX Warning: File `/home/bram/Documents/psvm-v1/architecture-diagram.drawio.p
ng' not found on input line 554.


! Package pdftex.def Error: File `/home/bram/Documents/psvm-v1/architecture-dia
gram.drawio.png' not found: using draft setting.

See the pdftex.def package documentation for explanation.
Type  H <return>  for immediate help.
 ...                                              
                                                  
l.554 .../psvm-v1/architecture-diagram.drawio.png}
                                                   % Replace 'example-image'...

Try typing  <return>  to proceed.
If that doesn't work, type  X <return>  to quit.


LaTeX Warning: File `/home/bram/Documents/psvm-v1/psvsms-context-diagram.drawio
.png' not found on input line 569.


! Package pdftex.def Error: File `/home/bram/Documents/psvm-v1/psvsms-context-d
iagram.drawio.png' not found: using draft setting.

See the pdftex.def package documentation for explanation.
Type  H <return>  for immediate help.
 ...                                              
                                                  
l.569 ...svm-v1/psvsms-context-diagram.drawio.png}
                                                   % Replace 'example-image'...

Try typing  <return>  to proceed.
If that doesn't work, type  X <return>  to quit.


LaTeX Warning: `h' float specifier changed to `ht'.


LaTeX Warning: File `/home/bram/Documents/psvm-v1/Top-level-DFD.drawio.png' not
 found on input line 580.


! Package pdftex.def Error: File `/home/bram/Documents/psvm-v1/Top-level-DFD.dr
awio.png' not found: using draft setting.

See the pdftex.def package documentation for explanation.
Type  H <return>  for immediate help.
 ...                                              
                                                  
l.580 ...cuments/psvm-v1/Top-level-DFD.drawio.png}
                                                   % Replace 'example-image'...

Try typing  <return>  to proceed.
If that doesn't work, type  X <return>  to quit.

[15

]

LaTeX Warning: `h' float specifier changed to `ht'.


LaTeX Warning: File `/home/bram/Documents/psvm-v1/UserUsecase.drawio.png' not f
ound on input line 589.


! Package pdftex.def Error: File `/home/bram/Documents/psvm-v1/UserUsecase.draw
io.png' not found: using draft setting.

See the pdftex.def package documentation for explanation.
Type  H <return>  for immediate help.
 ...                                              
                                                  
l.589 ...Documents/psvm-v1/UserUsecase.drawio.png}
                                                   % Replace 'example-image'...

Try typing  <return>  to proceed.
If that doesn't work, type  X <return>  to quit.


LaTeX Warning: `h' float specifier changed to `ht'.


LaTeX Warning: File `/home/bram/Documents/psvm-v1/owners.usecase.png' not found
 on input line 597.


! Package pdftex.def Error: File `/home/bram/Documents/psvm-v1/owners.usecase.p
ng' not found: using draft setting.

See the pdftex.def package documentation for explanation.
Type  H <return>  for immediate help.
 ...                                              
                                                  
l.597 ...ram/Documents/psvm-v1/owners.usecase.png}
                                                   % Replace 'example-image'...

Try typing  <return>  to proceed.
If that doesn't work, type  X <return>  to quit.


LaTeX Warning: `h' float specifier changed to `ht'.


LaTeX Warning: File `/home/bram/Documents/psvm-v1/users-commuter-usecase.drawio
.png' not found on input line 605.


! Package pdftex.def Error: File `/home/bram/Documents/psvm-v1/users-commuter-u
secase.drawio.png' not found: using draft setting.

See the pdftex.def package documentation for explanation.
Type  H <return>  for immediate help.
 ...                                              
                                                  
l.605 ...svm-v1/users-commuter-usecase.drawio.png}
                                                   % Replace 'example-image'...

Try typing  <return>  to proceed.
If that doesn't work, type  X <return>  to quit.


LaTeX Warning: `h' float specifier changed to `ht'.

[16] [17] [18]

LaTeX Warning: File `/home/bram/Documents/psvm-v1/users-commuter-usecase.drawio
.png' not found on input line 613.


! Package pdftex.def Error: File `/home/bram/Documents/psvm-v1/users-commuter-u
secase.drawio.png' not found: using draft setting.

See the pdftex.def package documentation for explanation.
Type  H <return>  for immediate help.
 ...                                              
                                                  
l.613 ...svm-v1/users-commuter-usecase.drawio.png}
                                                   % Replace 'example-image'...

Try typing  <return>  to proceed.
If that doesn't work, type  X <return>  to quit.


LaTeX Warning: File `/home/bram/Documents/psvm-v1/psvms-system-class.drawio.png
' not found on input line 623.


! Package pdftex.def Error: File `/home/bram/Documents/psvm-v1/psvms-system-cla
ss.drawio.png' not found: using draft setting.

See the pdftex.def package documentation for explanation.
Type  H <return>  for immediate help.
 ...                                              
                                                  
l.623 ...ts/psvm-v1/psvms-system-class.drawio.png}
                                                   % Replace 'example-image'...

Try typing  <return>  to proceed.
If that doesn't work, type  X <return>  to quit.


LaTeX Warning: `h' float specifier changed to `ht'.

[19

] [20]

LaTeX Warning: File `/home/bram/Documents/psvm-v1/Owner-activity-diagram.drawio
.png' not found on input line 634.


! Package pdftex.def Error: File `/home/bram/Documents/psvm-v1/Owner-activity-d
iagram.drawio.png' not found: using draft setting.

See the pdftex.def package documentation for explanation.
Type  H <return>  for immediate help.
 ...                                              
                                                  
l.634 ...svm-v1/Owner-activity-diagram.drawio.png}
                                                   % Replace 'example-image'...

Try typing  <return>  to proceed.
If that doesn't work, type  X <return>  to quit.

[21

]

LaTeX Warning: File `/home/bram/Documents/psvm-v1/Commuters-activity.drawio.png
' not found on input line 643.


! Package pdftex.def Error: File `/home/bram/Documents/psvm-v1/Commuters-activi
ty.drawio.png' not found: using draft setting.

See the pdftex.def package documentation for explanation.
Type  H <return>  for immediate help.
 ...                                              
                                                  
l.643 ...ts/psvm-v1/Commuters-activity.drawio.png}
                                                   % Replace 'example-image'...

Try typing  <return>  to proceed.
If that doesn't work, type  X <return>  to quit.

[22

]

LaTeX Warning: File `/home/bram/Documents/psvm-v1/Inspector-activity.drawio.png
' not found on input line 651.


! Package pdftex.def Error: File `/home/bram/Documents/psvm-v1/Inspector-activi
ty.drawio.png' not found: using draft setting.

See the pdftex.def package documentation for explanation.
Type  H <return>  for immediate help.
 ...                                              
                                                  
l.651 ...ts/psvm-v1/Inspector-activity.drawio.png}
                                                   % Replace 'example-image'...

Try typing  <return>  to proceed.
If that doesn't work, type  X <return>  to quit.

[23

]

LaTeX Warning: File `/home/bram/Documents/psvm-v1/crew-activity.drawio.png' not
 found on input line 659.


! Package pdftex.def Error: File `/home/bram/Documents/psvm-v1/crew-activity.dr
awio.png' not found: using draft setting.

See the pdftex.def package documentation for explanation.
Type  H <return>  for immediate help.
 ...                                              
                                                  
l.659 ...cuments/psvm-v1/crew-activity.drawio.png}
                                                   % Replace 'example-image'...

Try typing  <return>  to proceed.
If that doesn't work, type  X <return>  to quit.

[24

]

LaTeX Warning: File `/home/bram/Documents/psvm-v1/user-sequence.drawio.png' not
 found on input line 670.


! Package pdftex.def Error: File `/home/bram/Documents/psvm-v1/user-sequence.dr
awio.png' not found: using draft setting.

See the pdftex.def package documentation for explanation.
Type  H <return>  for immediate help.
 ...                                              
                                                  
l.670 ...cuments/psvm-v1/user-sequence.drawio.png}
                                                   % Replace 'example-image'...

Try typing  <return>  to proceed.
If that doesn't work, type  X <return>  to quit.

[25

]

LaTeX Warning: File `/home/bram/Documents/psvm-v1/psvsm-erd.drawio.png' not fou
nd on input line 684.


! Package pdftex.def Error: File `/home/bram/Documents/psvm-v1/psvsm-erd.drawio
.png' not found: using draft setting.

See the pdftex.def package documentation for explanation.
Type  H <return>  for immediate help.
 ...                                              
                                                  
l.684 ...m/Documents/psvm-v1/psvsm-erd.drawio.png}
                                                   % Replace 'example-image'...

Try typing  <return>  to proceed.
If that doesn't work, type  X <return>  to quit.

[26

]

LaTeX Warning: File `/home/bram/Documents/psvm-v1/UI design.png' not found on i
nput line 695.


! Package pdftex.def Error: File `/home/bram/Documents/psvm-v1/UI design.png' n
ot found: using draft setting.

See the pdftex.def package documentation for explanation.
Type  H <return>  for immediate help.
 ...                                              
                                                  
l.695 ...ome/bram/Documents/psvm-v1/UI design.png}
                                                   % Replace 'example-image'...

Try typing  <return>  to proceed.
If that doesn't work, type  X <return>  to quit.

[27

]
Chapter 6.
[28

] [29] [30]
Underfull \hbox (badness 10000) in paragraph at lines 820--820
[]\T1/cmr/m/n/12 check for all
 []


Underfull \hbox (badness 2351) in paragraph at lines 820--820
\T1/cmr/m/n/12 fea-tures in the
 []


Underfull \hbox (badness 10000) in paragraph at lines 821--821
[]\T1/cmr/m/n/12 Enter valid
 []


Underfull \hbox (badness 10000) in paragraph at lines 821--821
\T1/cmr/m/n/12 User-name and
 []


Overfull \hbox (70.64595pt too wide) in paragraph at lines 816--825
 [] 
 []

[31]
Underfull \hbox (badness 3861) in paragraph at lines 836--836
[]\T1/cmr/m/n/12 Try to mod-ify
 []


Underfull \hbox (badness 10000) in paragraph at lines 837--837
[]\T1/cmr/m/n/12 Enter in-valid
 []


Underfull \hbox (badness 10000) in paragraph at lines 837--837
\T1/cmr/m/n/12 User-name and
 []


Overfull \hbox (26.85107pt too wide) in paragraph at lines 832--841
 [] 
 []

[32

]
Chapter 7.
[33

] [34]
Chapter 8.
No file psvm-documentation.bbl.
[35

] (./psvm-documentation.aux)

LaTeX Warning: There were undefined references.

 ) 
Here is how much of TeX's memory you used:
 3633 strings out of 480204
 79453 string characters out of 5895010
 353399 words of memory out of 5000000
 21511 multiletter control sequences out of 15000+600000
 480855 words of font info for 50 fonts, out of 8000000 for 9000
 36 hyphenation exceptions out of 8191
 55i,8n,62p,741b,307s stack positions out of 5000i,500n,10000p,200000b,80000s
 </home/bram/.texlive2021/texmf-var/fonts/pk/ljfour/jknappen/ec/ectt1200.600p
k> </home/bram/.texlive2021/texmf-var/fonts/pk/ljfour/jknappen/ec/ecbx1440.600p
k> </home/bram/.texlive2021/texmf-var/fonts/pk/ljfour/jknappen/ec/tcrm1200.600p
k> </home/bram/.texlive2021/texmf-var/fonts/pk/ljfour/jknappen/ec/ecbx1200.600p
k> </home/bram/.texlive2021/texmf-var/fonts/pk/ljfour/jknappen/ec/ecrm1200.600p
k> </home/bram/.texlive2021/texmf-var/fonts/pk/ljfour/jknappen/ec/ecbx1728.600p
k> </home/bram/.texlive2021/texmf-var/fonts/pk/ljfour/jknappen/ec/ecrm1440.600p
k> </home/bram/.texlive2021/texmf-var/fonts/pk/ljfour/jknappen/ec/ecrm1728.600p
k> </home/bram/.texlive2021/texmf-var/fonts/pk/ljfour/jknappen/ec/ecti1728.600p
k> </home/bram/.texlive2021/texmf-var/fonts/pk/ljfour/jknappen/ec/ecbx2488.600p
k> </home/bram/.texlive2021/texmf-var/fonts/pk/ljfour/jknappen/ec/eccc1728.600p
k>
Output written on psvm-documentation.pdf (43 pages, 214954 bytes).
PDF statistics:
 597 PDF objects out of 1000 (max. 8388607)
 142 compressed objects within 2 object streams
 0 named destinations out of 1000 (max. 500000)
 6 words of extra memory for PDF output out of 10000 (max. 10000000)

